g:\github\opensteer\win32\release\vc120.pdb
g:\github\opensteer\win32\release\soccer.obj
g:\github\opensteer\win32\release\pedestrian.obj
g:\github\opensteer\win32\release\oneturning.obj
g:\github\opensteer\win32\release\multiplepursuit.obj
g:\github\opensteer\win32\release\mapdrive.obj
g:\github\opensteer\win32\release\lowspeedturn.obj
g:\github\opensteer\win32\release\capturetheflag.obj
g:\github\opensteer\win32\release\boids.obj
g:\github\opensteer\win32\release\opensteerdemo.obj
g:\github\opensteer\win32\release\main.obj
g:\github\opensteer\win32\release\jeffsdemo.obj
g:\github\opensteer\win32\release\steertest.res
g:\github\opensteer\win32\release\camera.obj
g:\github\opensteer\win32\release\clock.obj
g:\github\opensteer\win32\release\draw.obj
g:\github\opensteer\win32\release\lq.obj
g:\github\opensteer\win32\release\pathway.obj
g:\github\opensteer\win32\release\plugin.obj
g:\github\opensteer\win32\release\simplevehicle.obj
g:\github\opensteer\win32\release\vec3.obj
g:\github\opensteer\win32\release\opensteerdemo.tlog\cl.command.1.tlog
g:\github\opensteer\win32\release\opensteerdemo.tlog\cl.read.1.tlog
g:\github\opensteer\win32\release\opensteerdemo.tlog\cl.write.1.tlog
g:\github\opensteer\win32\release\opensteerdemo.tlog\link.command.1.tlog
g:\github\opensteer\win32\release\opensteerdemo.tlog\link.read.1.tlog
g:\github\opensteer\win32\release\opensteerdemo.tlog\link.write.1.tlog
g:\github\opensteer\win32\release\opensteerdemo.tlog\rc.command.1.tlog
g:\github\opensteer\win32\release\opensteerdemo.tlog\rc.read.1.tlog
g:\github\opensteer\win32\release\opensteerdemo.tlog\rc.write.1.tlog
